0 info it worked if it ends with ok
1 verbose cli [ 'F:\\Program Files\\nodejs\\\\node.exe',
1 verbose cli   'F:\\Program Files\\nodejs\\node_modules\\npm\\bin\\npm-cli.js',
1 verbose cli   'install',
1 verbose cli   'socket.io.js' ]
2 info using npm@1.4.28
3 info using node@v0.10.35
4 verbose node symlink F:\Program Files\nodejs\\node.exe
5 warn package.json crypto@0.0.3 crypto is also the name of a node core module.
6 verbose readDependencies using package.json deps
7 verbose cache add [ 'socket.io.js', null ]
8 verbose cache add name=undefined spec="socket.io.js" args=["socket.io.js",null]
9 verbose parsed url { protocol: null,
9 verbose parsed url   slashes: null,
9 verbose parsed url   auth: null,
9 verbose parsed url   host: null,
9 verbose parsed url   port: null,
9 verbose parsed url   hostname: null,
9 verbose parsed url   hash: null,
9 verbose parsed url   search: null,
9 verbose parsed url   query: null,
9 verbose parsed url   pathname: 'socket.io.js',
9 verbose parsed url   path: 'socket.io.js',
9 verbose parsed url   href: 'socket.io.js' }
10 silly lockFile a5ce49bf-socket-io-js socket.io.js
11 verbose lock socket.io.js C:\Users\wangshu\AppData\Roaming\npm-cache\a5ce49bf-socket-io-js.lock
12 silly lockFile a5ce49bf-socket-io-js socket.io.js
13 silly lockFile a5ce49bf-socket-io-js socket.io.js
14 verbose addNamed [ 'socket.io.js', '' ]
15 verbose addNamed [ null, '*' ]
16 silly lockFile 9ac22819-socket-io-js socket.io.js@
17 verbose lock socket.io.js@ C:\Users\wangshu\AppData\Roaming\npm-cache\9ac22819-socket-io-js.lock
18 silly addNameRange { name: 'socket.io.js', range: '*', hasData: false }
19 verbose request where is /socket.io.js
20 verbose request registry https://registry.npmjs.org/
21 verbose request id ded2701db61b6d47
22 verbose url raw /socket.io.js
23 verbose url resolving [ 'https://registry.npmjs.org/', './socket.io.js' ]
24 verbose url resolved https://registry.npmjs.org/socket.io.js
25 verbose request where is https://registry.npmjs.org/socket.io.js
26 info trying registry request attempt 1 at 10:53:25
27 http GET https://registry.npmjs.org/socket.io.js
28 http 404 https://registry.npmjs.org/socket.io.js
29 verbose headers { date: 'Sun, 11 Jan 2015 02:53:24 GMT',
29 verbose headers   server: 'CouchDB/1.5.0 (Erlang OTP/R16B03)',
29 verbose headers   'content-type': 'application/json',
29 verbose headers   'cache-control': 'max-age=0',
29 verbose headers   'content-length': '52',
29 verbose headers   'accept-ranges': 'bytes',
29 verbose headers   via: '1.1 varnish',
29 verbose headers   age: '0',
29 verbose headers   'x-served-by': 'cache-ty67-TYO',
29 verbose headers   'x-cache': 'MISS',
29 verbose headers   'x-cache-hits': '0',
29 verbose headers   'x-timer': 'S1420944803.967782,VS0,VE173',
29 verbose headers   'keep-alive': 'timeout=10, max=50',
29 verbose headers   connection: 'Keep-Alive' }
30 silly registry.get cb [ 404,
30 silly registry.get   { date: 'Sun, 11 Jan 2015 02:53:24 GMT',
30 silly registry.get     server: 'CouchDB/1.5.0 (Erlang OTP/R16B03)',
30 silly registry.get     'content-type': 'application/json',
30 silly registry.get     'cache-control': 'max-age=0',
30 silly registry.get     'content-length': '52',
30 silly registry.get     'accept-ranges': 'bytes',
30 silly registry.get     via: '1.1 varnish',
30 silly registry.get     age: '0',
30 silly registry.get     'x-served-by': 'cache-ty67-TYO',
30 silly registry.get     'x-cache': 'MISS',
30 silly registry.get     'x-cache-hits': '0',
30 silly registry.get     'x-timer': 'S1420944803.967782,VS0,VE173',
30 silly registry.get     'keep-alive': 'timeout=10, max=50',
30 silly registry.get     connection: 'Keep-Alive' } ]
31 silly lockFile 9ac22819-socket-io-js socket.io.js@
32 silly lockFile 9ac22819-socket-io-js socket.io.js@
33 error 404 404 Not Found: socket.io.js
33 error 404
33 error 404 'socket.io.js' is not in the npm registry.
33 error 404 You should bug the author to publish it
33 error 404 It was specified as a dependency of 'qsbk'
33 error 404
33 error 404 Maybe try 'npm search socket io'
33 error 404
33 error 404 Note that you can also install from a
33 error 404 tarball, folder, or http url, or git url.
34 error System Windows_NT 6.2.9200
35 error command "F:\\Program Files\\nodejs\\\\node.exe" "F:\\Program Files\\nodejs\\node_modules\\npm\\bin\\npm-cli.js" "install" "socket.io.js"
36 error cwd D:\node\treeking_node_qsbk
37 error node -v v0.10.35
38 error npm -v 1.4.28
39 error code E404
40 verbose exit [ 1, true ]
